<?xml version="1.0" encoding="UTF-8" ?>
<testsuite tests="8" failures="4" name="Results" time="0.023" errors="0" skipped="0">
  <properties>
    <property name="java.runtime.name" value="OpenJDK Runtime Environment"/>
    <property name="org.gradle.internal.worker.tmpdir" value="/home/runner/work/testerra-teamcity-connector/testerra-teamcity-connector/build/tmp/test/work"/>
    <property name="java.vm.version" value="11.0.11+9"/>
    <property name="sun.boot.library.path" value="/usr/lib/jvm/adoptopenjdk-11-hotspot-amd64/lib:/usr/lib/jvm/adoptopenjdk-11-hotspot-amd64/lib"/>
    <property name="java.vm.vendor" value="AdoptOpenJDK"/>
    <property name="java.vendor.url" value="https://adoptopenjdk.net/"/>
    <property name="path.separator" value=":"/>
    <property name="java.vm.name" value="OpenJDK 64-Bit Server VM"/>
    <property name="sun.os.patch.level" value="unknown"/>
    <property name="user.country" value=""/>
    <property name="sun.java.launcher" value="SUN_STANDARD"/>
    <property name="java.vm.specification.name" value="Java Virtual Machine Specification"/>
    <property name="user.dir" value="/home/runner/work/testerra-teamcity-connector/testerra-teamcity-connector"/>
    <property name="java.vm.compressedOopsMode" value="32-bit"/>
    <property name="java.runtime.version" value="11.0.11+9"/>
    <property name="java.awt.graphicsenv" value="sun.awt.X11GraphicsEnvironment"/>
    <property name="os.arch" value="amd64"/>
    <property name="java.io.tmpdir" value="/tmp"/>
    <property name="line.separator" value="
"/>
    <property name="org.gradle.appname" value="gradle"/>
    <property name="java.vm.specification.vendor" value="Oracle Corporation"/>
    <property name="user.variant" value=""/>
    <property name="os.name" value="Linux"/>
    <property name="sun.jnu.encoding" value="UTF-8"/>
    <property name="java.library.path" value="/usr/java/packages/lib:/usr/lib64:/lib64:/lib:/usr/lib"/>
    <property name="jdk.debug" value="release"/>
    <property name="java.class.version" value="55.0"/>
    <property name="java.specification.name" value="Java Platform API Specification"/>
    <property name="org.gradle.native" value="false"/>
    <property name="sun.management.compiler" value="HotSpot 64-Bit Tiered Compilers"/>
    <property name="os.version" value="5.11.0-1021-azure"/>
    <property name="library.jansi.path" value="/home/runner/.gradle/native/jansi/1.18/linux64"/>
    <property name="user.home" value="/home/runner"/>
    <property name="user.timezone" value="Etc/UTC"/>
    <property name="java.awt.printerjob" value="sun.print.PSPrinterJob"/>
    <property name="file.encoding" value="UTF-8"/>
    <property name="java.specification.version" value="11"/>
    <property name="user.name" value="runner"/>
    <property name="java.class.path" value="/home/runner/.gradle/caches/7.3/workerMain/gradle-worker.jar:/home/runner/work/testerra-teamcity-connector/testerra-teamcity-connector/build/classes/java/test:/home/runner/work/testerra-teamcity-connector/testerra-teamcity-connector/build/resources/test:/home/runner/work/testerra-teamcity-connector/testerra-teamcity-connector/build/classes/java/main:/home/runner/work/testerra-teamcity-connector/testerra-teamcity-connector/build/resources/main:/home/runner/.gradle/caches/modules-2/files-2.1/io.testerra/driver-ui-desktop/1.10/aa7c8c2103d3c8a7a1a9613c199ffa61fc17e3d4/driver-ui-desktop-1.10.jar:/home/runner/.gradle/caches/modules-2/files-2.1/io.testerra/report-ng/1.10/36c2df795231fb348f69e69d8f394c5089c29d88/report-ng-1.10.jar:/home/runner/.gradle/caches/modules-2/files-2.1/io.github.hakky54/consolecaptor/1.0.2/ae831b1e635dfa57b97a6fa468ea0fd867eaaf3c/consolecaptor-1.0.2.jar:/home/runner/.gradle/caches/modules-2/files-2.1/net.anthavio/phanbedder-2.1.1/1.0.0/36b59745cc0aafe579e96d6875b2a88596f6c0cf/phanbedder-2.1.1-1.0.0.jar:/home/runner/.gradle/caches/modules-2/files-2.1/com.codeborne/phantomjsdriver/1.4.4/e5778e3273f8201bf9e0ff65fb8118f37b84beba/phantomjsdriver-1.4.4.jar:/home/runner/.gradle/caches/modules-2/files-2.1/io.testerra/driver-ui/1.10/640a6d5b77675ecd12446679a70b2f1696c2d1bd/driver-ui-1.10.jar:/home/runner/.gradle/caches/modules-2/files-2.1/io.testerra/report-model/1.10/77e45af7be05230cabd80fb441b676615c67e40f/report-model-1.10.jar:/home/runner/.gradle/caches/modules-2/files-2.1/io.testerra/image-processing/1.10/fa460e5e4196ec46279c2d7cde40cecefea72f/image-processing-1.10.jar:/home/runner/.gradle/caches/modules-2/files-2.1/com.google.code.gson/gson/2.8.6/9180733b7df8542621dc12e21e87557e8c99b8cb/gson-2.8.6.jar:/home/runner/.gradle/caches/modules-2/files-2.1/io.testerra/core/1.10/219c1c37d716f144ab2412eccd0f1bfde5beb519/core-1.10.jar:/home/runner/.gradle/caches/modules-2/files-2.1/com.google.protobuf/protobuf-java/3.14.0/bb6430f70647fc349fffd1690ddb889dc3ea6699/protobuf-java-3.14.0.jar:/home/runner/.gradle/caches/modules-2/files-2.1/com.opencsv/opencsv/3.9/1e0df53c5ef2431f072d1da3fd31bea9da5b529/opencsv-3.9.jar:/home/runner/.gradle/caches/modules-2/files-2.1/commons-beanutils/commons-beanutils/1.9.3/c845703de334ddc6b4b3cd26835458cb1cba1f3d/commons-beanutils-1.9.3.jar:/home/runner/.gradle/caches/modules-2/files-2.1/commons-collections/commons-collections/3.2.2/8ad72fe39fa8c91eaaf12aadb21e0c3661fe26d5/commons-collections-3.2.2.jar:/home/runner/.gradle/caches/modules-2/files-2.1/org.reflections/reflections/0.9.12/1c9d44c563eebe9b8a3afebd29ed5c4646db800c/reflections-0.9.12.jar:/home/runner/.gradle/caches/modules-2/files-2.1/com.github.ua-parser/uap-java/1.4.3/a457ec671f02064ca6119673699a52eaf576d81f/uap-java-1.4.3.jar:/home/runner/.gradle/caches/modules-2/files-2.1/org.sikuli/sikuli-api/1.2.0/b47ae78b3b7e8538e5f5eb4944e7f8bd700a57d2/sikuli-api-1.2.0.jar:/home/runner/.gradle/caches/modules-2/files-2.1/org.apache.pdfbox/pdfbox/1.8.16/3ee5ba356834cb1899c84b40ce1aabc24ae6db25/pdfbox-1.8.16.jar:/home/runner/.gradle/caches/modules-2/files-2.1/org.apache.poi/poi-ooxml/3.17/7d8c44407178b73246462842bf1e206e99c8e0a/poi-ooxml-3.17.jar:/home/runner/.gradle/caches/modules-2/files-2.1/io.testerra/core-interop/1.10/af088c72d90b5389224edaf0d6f3b2598fe60832/core-interop-1.10.jar:/home/runner/.gradle/caches/modules-2/files-2.1/org.seleniumhq.selenium/selenium-java/3.141.59/e8e20b741299cb8ffedbd2925a3ab69d08b41063/selenium-java-3.141.59.jar:/home/runner/.gradle/caches/modules-2/files-2.1/org.sikuli/sikuli-core/1.2.2/853f8b712b4caa8cd9661ca203567d4201d5a6de/sikuli-core-1.2.2.jar:/home/runner/.gradle/caches/modules-2/files-2.1/org.seleniumhq.selenium/selenium-chrome-driver/3.141.59/67137314736c6a2f39a8aa59a562e9616ae5f77e/selenium-chrome-driver-3.141.59.jar:/home/runner/.gradle/caches/modules-2/files-2.1/org.seleniumhq.selenium/selenium-edge-driver/3.141.59/fc09c66f2d0b33b0816d770761ad1d599ef0df29/selenium-edge-driver-3.141.59.jar:/home/runner/.gradle/caches/modules-2/files-2.1/org.seleniumhq.selenium/selenium-firefox-driver/3.141.59/a99f2fe2a42747ed9809d4f62f51a9e1b336dde8/selenium-firefox-driver-3.141.59.jar:/home/runner/.gradle/caches/modules-2/files-2.1/org.seleniumhq.selenium/selenium-ie-driver/3.141.59/677b9b414a3a9bb2aeea89042a7b326edeb13a82/selenium-ie-driver-3.141.59.jar:/home/runner/.gradle/caches/modules-2/files-2.1/org.seleniumhq.selenium/selenium-opera-driver/3.141.59/6b11ed01182bfd8bb62ddeae34cf9eadd3cfc7ff/selenium-opera-driver-3.141.59.jar:/home/runner/.gradle/caches/modules-2/files-2.1/org.seleniumhq.selenium/selenium-safari-driver/3.141.59/a32b5b88f46ea4b0356079f0d2e2217543923046/selenium-safari-driver-3.141.59.jar:/home/runner/.gradle/caches/modules-2/files-2.1/org.seleniumhq.selenium/selenium-support/3.141.59/8735de5049acf0e761defc65ee5837d6541abaf5/selenium-support-3.141.59.jar:/home/runner/.gradle/caches/modules-2/files-2.1/org.seleniumhq.selenium/selenium-remote-driver/3.141.59/1c79ca890c312ff9916bd95df4f0c5182ec722d8/selenium-remote-driver-3.141.59.jar:/home/runner/.gradle/caches/modules-2/files-2.1/com.google.guava/guava/28.1-jre/b0e91dcb6a44ffb6221b5027e12a5cb34b841145/guava-28.1-jre.jar:/home/runner/.gradle/caches/modules-2/files-2.1/org.jsoup/jsoup/1.7.2/d7e275ba05aa380ca254f72d0c0ffebaedc3adcf/jsoup-1.7.2.jar:/home/runner/.gradle/caches/modules-2/files-2.1/org.jdom/jdom2/2.0.6/6f14738ec2e9dd0011e343717fa624a10f8aab64/jdom2-2.0.6.jar:/home/runner/.gradle/caches/modules-2/files-2.1/javax.xml.bind/jaxb-api/2.3.0/99f802e0cb3e953ba3d6e698795c4aeb98d37c48/jaxb-api-2.3.0.jar:/home/runner/.gradle/caches/modules-2/files-2.1/com.sun.xml.bind/jaxb-core/2.3.0/d044c784e41d026778693fb44a8026c1fd9a7506/jaxb-core-2.3.0.jar:/home/runner/.gradle/caches/modules-2/files-2.1/com.sun.xml.bind/jaxb-impl/2.3.0/3a3c6a62719d967175b76b63925f1fb495f11437/jaxb-impl-2.3.0.jar:/home/runner/.gradle/caches/modules-2/files-2.1/javax.activation/activation/1.1/e6cb541461c2834bdea3eb920f1884d1eb508b50/activation-1.1.jar:/home/runner/.gradle/caches/modules-2/files-2.1/xerces/xercesImpl/2.8.0/cfd3ebe2f8034e660344f9108c3e2daf78c29cc3/xercesImpl-2.8.0.jar:/home/runner/.gradle/caches/modules-2/files-2.1/org.codehaus.plexus/plexus-utils/3.3.0/cf43b5391de623b36fe066a21127baef82c64022/plexus-utils-3.3.0.jar:/home/runner/.gradle/caches/modules-2/files-2.1/org.javassist/javassist/3.26.0-GA/bb2890849968d8d8311ffba8c37b0ce16ce284dc/javassist-3.26.0-GA.jar:/home/runner/.gradle/caches/modules-2/files-2.1/org.yaml/snakeyaml/1.20/11e7e64e621e5e43c7481bf01072a7b1597d4f03/snakeyaml-1.20.jar:/home/runner/.gradle/caches/modules-2/files-2.1/org.apache.poi/poi/3.17/ae92292a2043888b40d418da97dc0b669fde326/poi-3.17.jar:/home/runner/.gradle/caches/modules-2/files-2.1/org.apache.commons/commons-collections4/4.1/a4cf4688fe1c7e3a63aa636cc96d013af537768e/commons-collections4-4.1.jar:/home/runner/.gradle/caches/modules-2/files-2.1/org.bytedeco.javacpp-presets/opencv/2.4.9-0.9/d9f1be635d8c176c8df5cd55c16dbe31f22e42d6/opencv-2.4.9-0.9-windows-x86.jar:/home/runner/.gradle/caches/modules-2/files-2.1/org.bytedeco.javacpp-presets/opencv/2.4.9-0.9/2e9fd797917299b74a85b5201b0594c5ea7df313/opencv-2.4.9-0.9-windows-x86_64.jar:/home/runner/.gradle/caches/modules-2/files-2.1/org.bytedeco.javacpp-presets/opencv/2.4.9-0.9/5ce4c3c4f7dedeb5edb23dc3c758c49736f1f043/opencv-2.4.9-0.9-linux-x86.jar:/home/runner/.gradle/caches/modules-2/files-2.1/org.bytedeco.javacpp-presets/opencv/2.4.9-0.9/38a9846dd31056ab372b4836a66fd3aedddd599f/opencv-2.4.9-0.9-linux-x86_64.jar:/home/runner/.gradle/caches/modules-2/files-2.1/org.bytedeco.javacpp-presets/opencv/2.4.9-0.9/f39a3ad0e200c1e0cb47bf639fdc0bb427b36fc3/opencv-2.4.9-0.9.jar:/home/runner/.gradle/caches/modules-2/files-2.1/nu.pattern/opencv/2.4.9-7/dddfd74f94ece97c3f9b131750e63f04669a4d2f/opencv-2.4.9-7.jar:/home/runner/.gradle/caches/modules-2/files-2.1/org.apache.logging.log4j/log4j-slf4j18-impl/2.13.2/110b2b62ef088a486091d73e8147887dd0eff781/log4j-slf4j18-impl-2.13.2.jar:/home/runner/.gradle/caches/modules-2/files-2.1/org.slf4j/slf4j-api/1.8.0-beta4/83b0359d847ee053d745be7ec0d8e9e8a44304b4/slf4j-api-1.8.0-beta4.jar:/home/runner/.gradle/caches/modules-2/files-2.1/org.apache.pdfbox/fontbox/1.8.16/a4aece226b0412bd459ed3290b91d98a3f1c6d2e/fontbox-1.8.16.jar:/home/runner/.gradle/caches/modules-2/files-2.1/org.apache.pdfbox/jempbox/1.8.16/1f41de81768ef84ca2d8cda4cb79e9272c8ee966/jempbox-1.8.16.jar:/home/runner/.gradle/caches/modules-2/files-2.1/commons-logging/commons-logging/1.2/4bfc12adfe4842bf07b657f0369c4cb522955686/commons-logging-1.2.jar:/home/runner/.gradle/caches/modules-2/files-2.1/org.apache.poi/poi-ooxml-schemas/3.17/890114bfa82f5b6380ea0e9b0bf49b0af797b414/poi-ooxml-schemas-3.17.jar:/home/runner/.gradle/caches/modules-2/files-2.1/com.github.virtuald/curvesapi/1.04/3386abf821719bc89c7685f9eaafaf4a842f0199/curvesapi-1.04.jar:/home/runner/.gradle/caches/modules-2/files-2.1/org.apache.commons/commons-lang3/3.9/122c7cee69b53ed4a7681c03d4ee4c0e2765da5/commons-lang3-3.9.jar:/home/runner/.gradle/caches/modules-2/files-2.1/org.mongodb/bson/3.7.0/132afc038c410cfdd0a1cfbe3c0748a510564a3c/bson-3.7.0.jar:/home/runner/.gradle/caches/modules-2/files-2.1/org.testng/testng/7.4.0/b6becc0a058e272473ac3ba983966ff507ca0300/testng-7.4.0.jar:/home/runner/.gradle/caches/modules-2/files-2.1/commons-io/commons-io/2.6/815893df5f31da2ece4040fe0a12fd44b577afaf/commons-io-2.6.jar:/home/runner/.gradle/caches/modules-2/files-2.1/org.apache.logging.log4j/log4j-core/2.13.2/8eb1fc1914eb2550bf3ddea26917c9a7cbb00593/log4j-core-2.13.2.jar:/home/runner/.gradle/caches/modules-2/files-2.1/org.apache.logging.log4j/log4j-api/2.13.2/567ea514dedd8679c429c5b5b39b0d67b6464c3c/log4j-api-2.13.2.jar:/home/runner/.gradle/caches/modules-2/files-2.1/com.google.guava/failureaccess/1.0.1/1dcf1de382a0bf95a3d8b0849546c88bac1292c9/failureaccess-1.0.1.jar:/home/runner/.gradle/caches/modules-2/files-2.1/com.google.guava/listenablefuture/9999.0-empty-to-avoid-conflict-with-guava/b421526c5f297295adef1c886e5246c39d4ac629/listenablefuture-9999.0-empty-to-avoid-conflict-with-guava.jar:/home/runner/.gradle/caches/modules-2/files-2.1/com.google.code.findbugs/jsr305/3.0.2/25ea2e8b0c338a877313bd4672d3fe056ea78f0d/jsr305-3.0.2.jar:/home/runner/.gradle/caches/modules-2/files-2.1/org.checkerframework/checker-qual/2.8.1/eb2e8ab75598548cc8acf9a1ca227e480e01881e/checker-qual-2.8.1.jar:/home/runner/.gradle/caches/modules-2/files-2.1/com.google.errorprone/error_prone_annotations/2.3.2/d1a0c5032570e0f64be6b4d9c90cdeb103129029/error_prone_annotations-2.3.2.jar:/home/runner/.gradle/caches/modules-2/files-2.1/com.google.j2objc/j2objc-annotations/1.3/ba035118bc8bac37d7eff77700720999acd9986d/j2objc-annotations-1.3.jar:/home/runner/.gradle/caches/modules-2/files-2.1/org.codehaus.mojo/animal-sniffer-annotations/1.18/f7aa683ea79dc6681ee9fb95756c999acbb62f5d/animal-sniffer-annotations-1.18.jar:/home/runner/.gradle/caches/modules-2/files-2.1/xml-apis/xml-apis/1.3.03/3845d5aabd62dc1954f2c0e84a799068c917ad2b/xml-apis-1.3.03.jar:/home/runner/.gradle/caches/modules-2/files-2.1/org.bytedeco/javacpp/0.9/8931375e4e7d91258ef92451c8d3bd444f8ba70a/javacpp-0.9.jar:/home/runner/.gradle/caches/modules-2/files-2.1/org.seleniumhq.selenium/selenium-api/3.141.59/e006ffd3aa7841e6e9125d9e6691b3a6b7592b05/selenium-api-3.141.59.jar:/home/runner/.gradle/caches/modules-2/files-2.1/net.bytebuddy/byte-buddy/1.8.15/cb36fe3c70ead5fcd016856a7efff908402d86b8/byte-buddy-1.8.15.jar:/home/runner/.gradle/caches/modules-2/files-2.1/org.apache.commons/commons-exec/1.3/8dfb9facd0830a27b1b5f29f84593f0aeee7773b/commons-exec-1.3.jar:/home/runner/.gradle/caches/modules-2/files-2.1/com.squareup.okhttp3/okhttp/3.11.0/75966e05a49046ca2ae734e5626f28837a8d1e82/okhttp-3.11.0.jar:/home/runner/.gradle/caches/modules-2/files-2.1/com.squareup.okio/okio/1.14.0/102d7be47241d781ef95f1581d414b0943053130/okio-1.14.0.jar:/home/runner/.gradle/caches/modules-2/files-2.1/org.piccolo2d/piccolo2d-extras/1.3.1/b7853cbbaf5cb632a66f980c52722a0fd3bdf222/piccolo2d-extras-1.3.1.jar:/home/runner/.gradle/caches/modules-2/files-2.1/commons-codec/commons-codec/1.10/4b95f4897fa13f2cd904aee711aeafc0c5295cd8/commons-codec-1.10.jar:/home/runner/.gradle/caches/modules-2/files-2.1/org.apache.xmlbeans/xmlbeans/2.6.0/29e80d2dd51f9dcdef8f9ffaee0d4dc1c9bbfc87/xmlbeans-2.6.0.jar:/home/runner/.gradle/caches/modules-2/files-2.1/com.beust/jcommander/1.78/a3927de9bd6f351429bcf763712c9890629d8f51/jcommander-1.78.jar:/home/runner/.gradle/caches/modules-2/files-2.1/org.webjars/jquery/3.5.1/2392938e374f561c27c53872bdc9b6b351b6ba34/jquery-3.5.1.jar:/home/runner/.gradle/caches/modules-2/files-2.1/org.piccolo2d/piccolo2d-core/1.3.1/fc26e07df20f63205fcd12523095470a637940ba/piccolo2d-core-1.3.1.jar:/home/runner/.gradle/caches/modules-2/files-2.1/stax/stax-api/1.0.1/49c100caf72d658aca8e58bd74a4ba90fa2b0d70/stax-api-1.0.1.jar"/>
    <property name="java.vm.specification.version" value="11"/>
    <property name="sun.arch.data.model" value="64"/>
    <property name="sun.java.command" value="worker.org.gradle.process.internal.worker.GradleWorkerMain &apos;Gradle Test Executor 1&apos;"/>
    <property name="java.home" value="/usr/lib/jvm/adoptopenjdk-11-hotspot-amd64"/>
    <property name="user.language" value="en"/>
    <property name="java.specification.vendor" value="Oracle Corporation"/>
    <property name="awt.toolkit" value="sun.awt.X11.XToolkit"/>
    <property name="java.vm.info" value="mixed mode"/>
    <property name="java.version" value="11.0.11"/>
    <property name="java.vendor" value="AdoptOpenJDK"/>
    <property name="org.gradle.test.worker" value="1"/>
    <property name="file.separator" value="/"/>
    <property name="java.version.date" value="2021-04-20"/>
    <property name="java.vendor.url.bug" value="https://github.com/AdoptOpenJDK/openjdk-support/issues"/>
    <property name="sun.io.unicode.encoding" value="UnicodeLittle"/>
    <property name="sun.cpu.endian" value="little"/>
    <property name="java.vendor.version" value="AdoptOpenJDK-11.0.11+9"/>
    <property name="sun.cpu.isalist" value=""/>
  </properties>
  <testcase classname="eu.tsystems.mms.tic.testerra.plugins.teamcity.test.SimpleTest" name="beforeSuite" time="0"/>
  <testcase classname="eu.tsystems.mms.tic.testerra.plugins.teamcity.test.SimpleTest" name="testT01_SimplePassedTest" time="1.121"/>
  <testcase classname="eu.tsystems.mms.tic.testerra.plugins.teamcity.test.SimpleTest" name="testT02_SimplePassedTest" time="1.122"/>
  <testcase classname="eu.tsystems.mms.tic.testerra.plugins.teamcity.test.SimpleTest" name="testT03_SimpleFailedTest" time="1.127">
    <failure/>
  </testcase>
  <testcase classname="eu.tsystems.mms.tic.testerra.plugins.teamcity.test.SimpleTest" name="testT06_RetriedTestSecondRunPassed" time="1.14">
    <failure/>
  </testcase>
  <testcase classname="eu.tsystems.mms.tic.testerra.plugins.teamcity.test.SimpleTest" name="testT06_RetriedTestSecondRunPassed" time="1.17"/>
  <testcase classname="eu.tsystems.mms.tic.testerra.plugins.teamcity.test.SimpleTest" name="test07_VerifyTeamCityMessages" time="1.173">
    <failure/>
  </testcase>
  <testcase classname="eu.tsystems.mms.tic.testerra.plugins.teamcity.test.SimpleTest" name="testT05_SimpleExpectedFailedTest" time="2.138">
    <failure/>
  </testcase>
</testsuite>